GET /api/players/9 2625 255
GET /api/players/9/collection 76388 213
GET /api/potions 2625 214
GET /api/players/9/chapters 112176 892
GET /api/assets/player/9/campaign/25 68933 1705
GET /api/assets/campaign/25 51121 470
GET /api/assets/campaign/25 51121 805
POST /api/players/9/campaigns/25 30300 803
POST /api/players/9/campaigns/25 30306 1005
POST /api/players/9/campaigns/25/quests/81 8916 531
POST /api/players/9/campaigns/25/quests/81 9193 415
POST /api/players/9/campaigns/25/quests/81 7928 411
GET /api/players/9 2625 229
GET /api/players/9/collection 76388 395
GET /api/potions 2625 203
GET /api/players/9/chapters 112176 586
GET /api/assets/player/9/campaign/25 68933 1286
GET /api/assets/campaign/25 51121 429
POST /api/players/9/campaigns/25 28841 947
POST /api/players/9/campaigns/25/quests/81 7642 368
POST /api/players/9/campaigns/25/quests/81 7912 407
POST /api/players/9/campaigns/25/quests/81 10592 634
POST /api/players/9/campaigns/25/quests/81 8907 364
POST /api/players/9/campaigns/25/quests/81 9170 419
POST /api/players/9/campaigns/25/quests/81 7931 607
POST /api/players/9/campaigns/25/quests/81 7914 407
POST /api/players/9/campaigns/25/quests/81 9224 440
POST /api/players/9/campaigns/25/quests/81 7537 527
POST /api/players/9/campaigns/25/quests/81 7801 590
GET /api/players/9/chapters 105616 592
GET /api/assets/campaign/25 51121 606
POST /api/players/9/campaigns/25 29101 789
POST /api/players/9/campaigns/25/quests/81 7817 557
POST /api/players/9/campaigns/25/quests/81 6558 415
GET /api/players/9/chapters 105596 583
GET /api/assets/campaign/25 51121 442
POST /api/players/9/campaigns/25 27249 940
POST /api/players/9/campaigns/25/quests/81 6261 377
POST /api/players/9/campaigns/25/quests/81 6538 571
GET /api/players/9/chapters 105617 577
GET /api/assets/campaign/25 51121 453
POST /api/players/9/campaigns/25 27630 943
POST /api/players/9/campaigns/25/quests/81 6537 382
POST /api/players/9/campaigns/25/quests/81 9207 573
GET /api/players/361 2611 203
GET /api/players/361/collection 60807 186
GET /api/potions 2611 154
GET /api/players/361/chapters 105771 896
GET /api/assets/player/361/campaign/963 61068 1230
GET /api/assets/campaign/963 51148 581
POST /api/players/361/campaigns/963 28172 820
POST /api/players/361/campaigns/963/quests/3600 8516 355
POST /api/players/361/campaigns/963/quests/3600 9610 361
POST /api/players/361/campaigns/963/quests/3600 8177 527
POST /api/players/361/campaigns/963/quests/3600 6916 365
POST /api/players/361/campaigns/963/quests/3600 7737 362
POST /api/players/361/campaigns/963/quests/3600 6265 350
POST /api/players/361/campaigns/963/quests/3600 8792 533
GET /api/players/9 2629 230
GET /api/players/9/collection 76392 210
GET /api/potions 2629 198
GET /api/players/9/chapters 112180 750
GET /api/assets/player/9/campaign/25 68933 1304
GET /api/assets/campaign/25 51121 596
POST /api/players/9/campaigns/25 30338 758
POST /api/players/9/campaigns/25/quests/81 8925 363
POST /api/players/9/campaigns/25/quests/81 9178 570
POST /api/players/9/campaigns/25/quests/81 7936 405
POST /api/potions/effect/stamina_refill/consume 2907 174
GET /api/players/361/chapters 105771 738
POST /api/players/9/campaigns/25/quests/81 7923 441
POST /api/players/9/campaigns/25/quests/81 10622 448
GET /api/assets/campaign/963 51148 974
POST /api/players/361/campaigns/963 29012 692
POST /api/players/361/campaigns/963/quests/3601 10014 514
POST /api/players/361/campaigns/963/quests/3601 11109 374
POST /api/players/361/campaigns/963/quests/3601 9659 369
POST /api/players/361/campaigns/963/quests/3601 8451 569
POST /api/players/361/campaigns/963/quests/3601 9207 367
POST /api/players/361/campaigns/963/quests/3601 7750 363
POST /api/players/361/campaigns/963/quests/3601 11636 399
POST /api/players/361/campaigns/963/boss 2616 427
GET /api/players/361/chapters 105776 574
GET /api/assets/campaign/963 51148 727
POST /api/players/361/campaigns/963 31601 894
POST /api/players/361/campaigns/963/boss 2616 253
GET /api/players/361/chapters 105782 538
GET /api/assets/campaign/963 51148 586
POST /api/players/361/campaigns/963 31602 937
POST /api/players/361/campaigns/963/quests/3601 10023 327
POST /api/players/361/campaigns/963/quests/3601 11127 360
POST /api/players/361/campaigns/963/quests/3601 9651 540
POST /api/players/361/campaigns/963/quests/3601 9893 379
POST /api/players/361/campaigns/963/quests/3601 9280 364
POST /api/players/361/campaigns/963/quests/3601 7820 380
POST /api/players/361/campaigns/963/quests/3601 11703 554
POST /api/players/361/campaigns/963/boss 2615 253
GET /api/assets/campaign/963 51148 570
POST /api/players/361/campaigns/963 33206 887
GET /api/players/361/chapters 105775 562
GET /api/assets/campaign/963 51148 742
POST /api/players/361/campaigns/963 33195 877
POST /api/players/361/campaigns/963/quests/3600 8515 339
POST /api/players/361/campaigns/963/quests/3600 9625 358
POST /api/players/361/campaigns/963/quests/3600 8175 352
POST /api/players/361/campaigns/963/quests/3600 6916 569
POST /api/players/361/campaigns/963/quests/3600 7726 359
POST /api/players/361/campaigns/963/quests/3600 6261 356
POST /api/players/361/campaigns/963/quests/3600 8826 523
POST /api/players/361/campaigns/963/quests/3600 8526 332
POST /api/players/361/campaigns/963/quests/3600 9627 380
POST /api/players/361/campaigns/963/quests/3600 8181 361
POST /api/players/361/campaigns/963/quests/3600 6918 537
POST /api/players/361/campaigns/963/quests/3600 7723 366
POST /api/players/361/campaigns/963/quests/3600 6263 358
POST /api/players/361/campaigns/963/quests/3600 10243 525
POST /api/players/361/campaigns/963/quests/3600 9964 325
POST /api/players/361/campaigns/963/quests/3600 11072 411
POST /api/players/361/campaigns/963/quests/3600 9595 357
POST /api/players/361/campaigns/963/quests/3600 9835 553
POST /api/players/361/campaigns/963/quests/3600 9228 361
POST /api/players/361/campaigns/963/quests/3600 7787 356
POST /api/players/361/campaigns/963/quests/3600 11679 520
GET /api/players/361/chapters 105776 568
GET /api/assets/player/361/collection 9930 623
GET /api/players/361/chapters 105776 567
GET /api/assets/player/361/campaign/963 61068 1156
GET /api/gifts/sendable 92 838
GET /api/gifts/sendable 92 825
GET /api/players/361/decks 3613 155
POST /api/players/361/decks/229 3087 174
POST /api/players/361/decks/229 3087 170
GET /api/players/345 2629 216
GET /api/players/345/collection 76998 389
GET /api/potions 2629 179
GET /api/players/345/chapters 113756 848
GET /api/assets/player/345/campaign/820 63756 1273
GET /api/players/361 2616 190
GET /api/players/361/collection 65194 171
GET /api/potions 2616 153
GET /api/players/361/chapters 105776 773
GET /api/assets/player/361/campaign/963 61068 976
GET /api/gifts/sendable 92 826
GET /api/players/361/decks 3613 333
POST /api/players/361/decks/229 3088 169
POST /api/players/361/decks/229 3088 174
POST /api/players/361/decks/229 3088 175
POST /api/players/361/decks/229 3088 172
POST /api/players/361/decks/229 3088 186
POST /api/players/361/decks/229 3088 174
GET /api/assets/campaign/820 52344 778
POST /api/players/345/campaigns/820 95174 1480
POST /api/players/345/campaigns/820/quests/3013 19207 448
POST /api/players/345/campaigns/820/quests/3013 21164 686
POST /api/players/345/campaigns/820/quests/3013 19704 488
POST /api/players/345/campaigns/820/quests/3013 18240 485
POST /api/players/345/campaigns/820/quests/3013 17061 674
POST /api/players/345/campaigns/820/quests/3013 18618 518
POST /api/players/345/campaigns/820/quests/3013 17144 646
POST /api/players/345/campaigns/820/quests/3013 15744 488
POST /api/players/345/campaigns/820/quests/3013 14438 495
POST /api/players/345/campaigns/820/quests/3013 16067 486
POST /api/players/345/campaigns/820/quests/3013 14625 660
POST /api/players/345/campaigns/820/quests/3013 13159 483
POST /api/players/345/campaigns/820/quests/3013 13333 679
POST /api/players/345/campaigns/820/quests/3013 13554 496
POST /api/potions/effect/stamina_refill/consume 2929 200
POST /api/players/345/campaigns/820/quests/3013 12094 478
POST /api/players/345/campaigns/820/quests/3013 10639 661
POST /api/players/345/campaigns/820/quests/3013 20893 486
POST /api/players/345/campaigns/820/quests/3014 10356 615
POST /api/players/345/campaigns/820/quests/3014 8908 467
POST /api/players/345/campaigns/820/quests/3014 19475 477
POST /api/players/345/campaigns/820/quests/3015 18923 626
POST /api/players/345/campaigns/820/quests/3015 20886 474
POST /api/players/345/campaigns/820/quests/3015 19406 473
POST /api/players/345/campaigns/820/quests/3015 17914 640
POST /api/players/345/campaigns/820/quests/3015 16687 482
POST /api/players/345/campaigns/820/quests/3015 18323 473
POST /api/players/345/campaigns/820/quests/3015 16886 636
POST /api/players/345/campaigns/820/quests/3015 15403 468
POST /api/players/345/campaigns/820/quests/3015 15636 666
POST /api/potions/effect/stamina_refill/consume 2928 204
POST /api/players/345/campaigns/820/quests/3015 15909 471
POST /api/players/345/campaigns/820/quests/3015 14403 461
POST /api/players/345/campaigns/820/quests/3015 12961 636
POST /api/players/345/campaigns/820/quests/3015 11700 477
POST /api/players/345/campaigns/820/quests/3015 13347 482
POST /api/players/345/campaigns/820/quests/3015 11877 636
POST /api/players/345/campaigns/820/quests/3015 10425 467
POST /api/players/345/campaigns/820/quests/3015 20910 507
GET /api/players/345/chapters 107197 782
GET /api/assets/campaign/782 51119 528
POST /api/players/345/campaigns/782 30550 944
POST /api/players/345/campaigns/782/quests/2857 8979 356
POST /api/players/345/campaigns/782/quests/2857 9261 561
POST /api/players/345/campaigns/782/quests/2857 7994 398
POST /api/players/345/campaigns/782/quests/2857 7990 408
POST /api/players/345/campaigns/782/quests/2857 12086 589
POST /api/players/345/campaigns/782/quests/2857 10324 345
POST /api/players/345/campaigns/782/quests/2857 10604 557
POST /api/players/345/campaigns/782/quests/2857 10800 419
POST /api/players/345/campaigns/782/quests/2857 9328 391
POST /api/players/345/campaigns/782/quests/2857 9221 587
POST /api/players/345/campaigns/782/quests/2859 8930 355
POST /api/players/345/campaigns/782/quests/2859 9219 391
POST /api/players/345/campaigns/782/quests/2859 7955 395
POST /api/players/345/campaigns/782/quests/2859 7938 571
POST /api/players/345/campaigns/782/quests/2859 10596 417
GET /api/players/345/chapters 107196 897
GET /api/assets/campaign/820 52344 724
POST /api/players/345/campaigns/820 105335 1558
POST /api/players/345/campaigns/820/quests/3013 19151 610
POST /api/players/345/campaigns/820/quests/3013 21083 481
POST /api/players/345/campaigns/820/quests/3013 19677 631
POST /api/potions/effect/stamina_refill/consume 2927 209
POST /api/players/345/campaigns/820/quests/3013 18174 468
POST /api/players/345/campaigns/820/quests/3013 18354 502
POST /api/players/345/campaigns/820/quests/3013 18541 657
POST /api/players/345/campaigns/820/quests/3013 17097 472
POST /api/players/345/campaigns/820/quests/3013 15641 628
POST /api/players/345/campaigns/820/quests/3013 14369 479
POST /api/players/345/campaigns/820/quests/3013 16069 479
POST /api/players/345/campaigns/820/quests/3013 14560 476
POST /api/players/345/campaigns/820/quests/3013 13111 644
POST /api/players/345/campaigns/820/quests/3013 13292 496
POST /api/players/345/campaigns/820/quests/3013 13487 664
POST /api/players/345/campaigns/820/quests/3013 12031 493
POST /api/players/345/campaigns/820/quests/3013 10569 652
GET /api/internal_products/cards 2240 315
GET /api/assets/player/361/collection 9930 653
GET /api/assets/player/361/collection 9930 471
GET /api/assets/player/361/collection 9930 467
GET /api/enhancement/card_id/4174/feeders_ids/:ids 3956 150
POST /api/enhancement 52988 452
GET /api/enhancement/card_id/4174/feeders_ids/:ids 3958 151
POST /api/enhancement 38361 252
GET /api/assets/player/361/collection 9930 432
GET /api/assets/player/361/collection 9930 585
POST /api/players/361/decks/229 3082 164
POST /api/players/361/decks/229 3082 159
GET /api/players/361/decks 3608 148
POST /api/players/361/decks/229 3082 156
GET /api/players/361/chapters 105750 738
GET /api/assets/player/361/campaign/963 61068 1175
GET /api/players/361/decks 3608 154
GET /api/players/361/chapters 105750 557
GET /api/assets/player/361/campaign/963 61068 1213
GET /api/players/361 2611 180
GET /api/players/361/collection 36017 152
GET /api/potions 2611 328
GET /api/players/361/chapters 105777 651
GET /api/assets/player/361/campaign/963 61068 1011
GET /api/players/361/decks 3608 309
GET /api/internal_products/cards 2240 367
GET /api/internal_products/cards 2240 309
GET /api/assets/player/361/collection 9930 588
GET /api/internal_products/cards 2240 275
GET /api/assets/player/361/collection 9930 428
GET /api/players/361/chapters 105750 747
GET /api/assets/campaign/964 51121 643
POST /api/players/361/campaigns/964 31321 885
POST /api/players/361/campaigns/964/quests/3602 10204 316
POST /api/players/361/campaigns/964/quests/3602 10479 348
POST /api/players/361/campaigns/964/quests/3602 10579 568
POST /api/players/361/campaigns/964/quests/3602 9203 356
POST /api/players/361/campaigns/964/quests/3602 10522 389
POST /api/players/361/campaigns/964/quests/3602 8880 330
POST /api/players/361/campaigns/964/quests/3602 9152 535
POST /api/players/361/campaigns/964/quests/3602 7884 370
POST /api/players/361/campaigns/964/quests/3602 7872 350
POST /api/players/361/campaigns/964/quests/3602 9135 569
POST /api/players/361/campaigns/964/boss 4584 542
GET /api/assets/campaign/964 51121 820
POST /api/players/361/campaigns/964 28192 872
POST /api/players/361/decks/229 3087 170
POST /api/players/361/campaigns/964/boss 4511 688
GET /api/assets/campaign/964 51121 566
POST /api/players/361/campaigns/964 28212 718
GET /api/assets/campaign/964 51121 832
POST /api/players/361/campaigns/964 28201 714
POST /api/players/361/campaigns/964/boss 4584 718
GET /api/assets/campaign/964 51121 659
POST /api/players/361/campaigns/964 28216 888
GET /api/assets/campaign/964 51121 828
POST /api/players/361/campaigns/964 28172 736
GET /api/players/361/chapters 105835 753
GET /api/assets/campaign/959 51119 651
POST /api/players/361/campaigns/959 26732 905
GET /api/players/361 2616 188
GET /api/players/361/collection 44744 156
GET /api/potions 2616 151
GET /api/players/361/chapters 105835 738
GET /api/assets/player/361/campaign/963 61068 1214
GET /api/players/361/chapters 105835 557
GET /api/assets/campaign/964 51121 846
POST /api/players/361/campaigns/964 28206 729
GET /api/players/361/chapters 105835 750
GET /api/assets/campaign/963 51148 663
POST /api/players/361/campaigns/963 36582 877
GET /api/players/361/chapters 105835 565
GET /api/assets/player/361/collection 9930 609
GET /api/internal_products/cards 2240 305
GET /api/players/361/decks 3613 150
POST /api/players/361/decks/229 3087 161
POST /api/players/361/decks/229 3087 327
GET /api/players/361 2616 187
GET /api/players/361/collection 44744 161
GET /api/players/361/chapters 105835 563
GET /api/potions 2616 161
GET /api/assets/player/361/campaign/963 61068 1027
GET /api/assets/campaign/963 51148 815
POST /api/players/361/campaigns/963 36503 873
POST /api/players/361/campaigns/963/boss 4452 546
GET /api/players/361/campaigns/963 36577 456
GET /api/players/361/chapters 105912 762
GET /api/assets/player/361/campaign/963 61068 1192
GET /api/players/361/chapters 105912 558
GET /api/assets/campaign/965 51192 859
POST /api/players/361/campaigns/965 31333 629
POST /api/players/361/campaigns/965/quests/3605 13803 575
POST /api/players/361/campaigns/965/quests/3605 14894 426
POST /api/players/361/campaigns/965/quests/3605 13447 429
POST /api/players/361/campaigns/965/quests/3605 12208 599
POST /api/players/361/campaigns/965/quests/3605 13015 420
POST /api/players/361/campaigns/965/quests/3605 11536 407
POST /api/players/361/campaigns/965/quests/3605 11705 610
POST /api/players/361/campaigns/965/quests/3605 11170 414
POST /api/players/361/campaigns/965/quests/3605 9709 399
POST /api/players/361/campaigns/965/quests/3605 15651 618
POST /api/players/361/campaigns/965/quests/3605 13993 359
POST /api/players/361/campaigns/965/quests/3605 15054 388
POST /api/players/361/campaigns/965/quests/3605 13616 557
POST /api/players/361/campaigns/965/quests/3605 13705 409
POST /api/players/361/campaigns/965/quests/3605 13159 388
POST /api/players/361/campaigns/965/quests/3605 11700 381
POST /api/players/361/campaigns/965/quests/3605 10427 594
POST /api/players/361/campaigns/965/quests/3605 11237 391
POST /api/players/361/campaigns/965/quests/3605 9787 385
POST /api/players/361/campaigns/965/quests/3605 17028 560
GET /api/players/361/chapters 105910 587
GET /api/assets/campaign/959 51119 790
POST /api/players/361/campaigns/959 26732 740
POST /api/players/361/campaigns/959/quests/3584 10103 316
POST /api/players/361/campaigns/959/quests/3584 10388 539
POST /api/players/361/campaigns/959/quests/3584 10469 387
POST /api/players/361/campaigns/959/quests/3584 9104 358
POST /api/players/361/campaigns/959/quests/3584 10487 379
POST /api/players/361/campaigns/959/quests/3584 8849 321
POST /api/players/361/campaigns/959/quests/3584 9123 540
POST /api/players/361/campaigns/959/quests/3584 7866 366
POST /api/players/361/campaigns/959/quests/3584 7849 360
POST /api/players/361/campaigns/959/quests/3584 10595 575
POST /api/players/361/campaigns/959/quests/3585 7468 339
POST /api/players/361/campaigns/959/quests/3585 7737 359
POST /api/players/361/campaigns/959/quests/3585 6480 546
POST /api/players/361/campaigns/959/quests/3585 6465 360
POST /api/players/361/campaigns/959/quests/3585 9138 374
POST /api/players/361/campaigns/959/quests/3585 8846 321
POST /api/players/361/campaigns/959/quests/3585 9129 543
POST /api/players/361/campaigns/959/quests/3585 7867 370
POST /api/players/361/campaigns/959/quests/3585 7842 360
POST /api/players/361/campaigns/959/quests/3585 10553 562
POST /api/players/361/campaigns/959/quests/3585 8913 325
POST /api/players/361/campaigns/959/quests/3585 9175 362
POST /api/players/361/campaigns/959/quests/3585 9260 379
POST /api/players/361/campaigns/959/quests/3585 7905 544
POST /api/players/361/campaigns/959/quests/3585 10711 378
GET /api/assets/campaign/959 51119 911
POST /api/players/361/campaigns/959 28680 719
POST /api/players/361/campaigns/959/boss 4588 728
GET /api/assets/campaign/959 51119 499
POST /api/players/361/campaigns/959 28686 897
POST /api/players/361/campaigns/959/boss 4620 539
GET /api/players/361 2616 367
GET /api/players/361/collection 62090 165
GET /api/potions 2616 157
GET /api/players/361/chapters 106006 544
GET /api/assets/player/361/campaign/965 62536 1113
GET /api/assets/player/361/collection 11354 508
GET /api/players/361/chapters 106006 722
GET /api/assets/player/361/campaign/965 62536 1104
GET /api/assets/campaign/965 51192 501
POST /api/players/361/campaigns/965 37634 873
GET /api/players/361/chapters 106006 544
GET /api/assets/campaign/959 51119 500
GET /api/players/345 2633 405
GET /api/players/345/collection 77002 392
POST /api/players/361/campaigns/959 28786 740
GET /api/potions 2633 200
GET /api/players/345/chapters 113760 839
GET /api/assets/player/345/campaign/820 63756 1239
GET /api/assets/campaign/959 51119 497
POST /api/players/361/campaigns/959 28765 726
GET /api/players/361/chapters 106006 755
GET /api/assets/campaign/964 51121 497
POST /api/players/361/campaigns/964 28222 904
POST /api/players/361/campaigns/964/quests/3602 7459 339
POST /api/players/361/campaigns/964/quests/3602 7729 362
POST /api/players/361/campaigns/964/quests/3602 6466 552
POST /api/players/361/campaigns/964/quests/3602 6454 367
POST /api/players/361/campaigns/964/quests/3602 9130 372
POST /api/players/361/campaigns/964/quests/3602 8823 320
POST /api/players/361/campaigns/964/quests/3602 9112 366
POST /api/players/361/campaigns/964/quests/3602 9200 568
POST /api/players/361/campaigns/964/quests/3602 7831 525
GET /api/gifts/sendable 3864 1210
POST /api/potions/effect/stamina_refill/consume 2907 172
POST /api/players/361/campaigns/964/quests/3602 7732 530
POST /api/players/361/campaigns/964/quests/3602 7448 334
POST /api/players/361/campaigns/964/quests/3602 7738 367
POST /api/players/361/campaigns/964/quests/3602 6455 368
POST /api/players/361/campaigns/964/quests/3602 6458 369
POST /api/players/361/campaigns/964/quests/3602 9113 544
POST /api/players/361/campaigns/964/quests/3602 8834 332
POST /api/players/361/campaigns/964/quests/3602 9090 360
POST /api/players/361/campaigns/964/quests/3602 7844 540
POST /api/players/361/campaigns/964/quests/3602 7828 365
POST /api/players/361/campaigns/964/quests/3602 10588 385
POST /api/players/361/campaigns/964/quests/3603 8850 331
POST /api/players/361/campaigns/964/quests/3603 9113 565
POST /api/players/361/campaigns/964/quests/3603 7853 381
POST /api/players/361/campaigns/964/quests/3603 7846 360
POST /api/players/361/campaigns/964/quests/3603 10630 591
POST /api/players/361/campaigns/964/boss 4663 543
GET /api/assets/campaign/964 51121 680
POST /api/players/361/campaigns/964 30076 748
GET /api/assets/campaign/964 51121 721
POST /api/players/361/campaigns/964 30079 891
GET /api/players/361/chapters 106089 550
GET /api/assets/campaign/965 51192 522
POST /api/players/361/campaigns/965 37656 876
POST /api/players/361/campaigns/965/quests/3606 12430 393
POST /api/players/361/campaigns/965/quests/3606 13510 590
POST /api/players/361/campaigns/965/quests/3606 12044 393
POST /api/players/361/campaigns/965/quests/3606 10804 421
POST /api/players/361/campaigns/965/quests/3606 11600 569
POST /api/players/361/campaigns/965/quests/3606 10157 396
POST /api/players/361/campaigns/965/quests/3606 8889 403
POST /api/players/361/campaigns/965/quests/3606 9705 574
POST /api/players/361/campaigns/965/quests/3606 8253 394
POST /api/players/361/campaigns/965/quests/3606 14182 422
POST /api/players/361/campaigns/965/quests/3606 12528 375
POST /api/players/361/campaigns/965/quests/3606 13632 580
POST /api/players/361/campaigns/965/quests/3606 12196 398
POST /api/players/361/campaigns/965/quests/3606 10923 400
POST /api/players/361/campaigns/965/quests/3606 11727 572
POST /api/players/361/campaigns/965/quests/3606 10279 396
POST /api/players/361/campaigns/965/quests/3606 9014 406
POST /api/players/361/campaigns/965/quests/3606 9807 569
POST /api/players/361/campaigns/965/quests/3606 8359 399
POST /api/potions/effect/stamina_refill/consume 2907 181
POST /api/players/361/campaigns/965/quests/3606 14282 468
GET /api/players/345 2632 396
GET /api/players/345/collection 77001 203
GET /api/potions 2632 186
GET /api/players/345/chapters 113759 797
GET /api/assets/player/345/campaign/820 63756 1269
GET /api/players/361 2611 198
GET /api/players/361/collection 70839 176
GET /api/potions 2611 158
GET /api/players/361/chapters 106072 767
GET /api/assets/player/361/campaign/965 64000 1332
GET /api/assets/campaign/820 52344 697
POST /api/players/345/campaigns/820 95484 1540
POST /api/players/345/campaigns/820/quests/3014 19101 665
POST /api/players/345/campaigns/820/quests/3014 21054 524
POST /api/players/345/campaigns/820/quests/3014 19573 693
POST /api/players/345/campaigns/820/quests/3014 18146 524
POST /api/players/345/campaigns/820/quests/3014 18389 528
POST /api/players/345/campaigns/820/quests/3014 18555 692
POST /api/players/345/campaigns/820/quests/3014 17145 525
POST /api/players/345/campaigns/820/quests/3014 15670 656
POST /api/players/345/campaigns/820/quests/3014 14409 507
POST /api/players/345/campaigns/820/quests/3014 16070 496
POST /api/players/345/campaigns/820/quests/3014 14599 669
POST /api/players/345/campaigns/820/quests/3014 13147 497
POST /api/players/345/campaigns/820/quests/3014 13318 678
GET /api/assets/campaign/965 51192 499
POST /api/players/361/campaigns/965 40643 940
POST /api/players/361/campaigns/965/quests/3607 12412 402
POST /api/players/361/campaigns/965/quests/3607 13536 406
POST /api/players/361/campaigns/965/quests/3607 12096 589
POST /api/players/361/campaigns/965/quests/3607 10828 611
POST /api/players/361/campaigns/965/quests/3607 11619 411
POST /api/players/361/campaigns/965/quests/3607 10183 397
POST /api/players/361/campaigns/965/quests/3607 10389 626
POST /api/players/361/campaigns/965/quests/3607 9778 404
POST /api/players/361/campaigns/965/quests/3607 8360 399
POST /api/players/361/campaigns/965/quests/3607 14192 424
POST /api/players/361/campaigns/965/boss 4491 731
GET /api/players/361/campaigns/965 45370 578
GET /api/assets/campaign/960 51194 672
POST /api/players/361/campaigns/960 31825 639
POST /api/players/361/campaigns/960/quests/3586 12457 393
POST /api/players/361/campaigns/960/quests/3586 13540 405
POST /api/players/361/campaigns/960/quests/3586 12102 577
POST /api/players/361/campaigns/960/quests/3586 12344 417
POST /api/players/361/campaigns/960/quests/3586 11745 405
POST /api/players/361/campaigns/960/quests/3586 10300 562
POST /api/players/361/campaigns/960/quests/3586 9029 411
POST /api/players/361/campaigns/960/quests/3586 9847 403
POST /api/players/361/campaigns/960/quests/3586 8389 567
POST /api/players/361/campaigns/960/quests/3586 13019 434
POST /api/players/361/campaigns/960/quests/3586 12728 387
POST /api/players/361/campaigns/960/quests/3586 13815 588
POST /api/players/361/campaigns/960/quests/3586 12337 405
POST /api/players/361/campaigns/960/quests/3586 12657 430
POST /api/players/361/campaigns/960/quests/3586 11987 598
POST /api/players/361/campaigns/960/quests/3586 10519 407
POST /api/players/361/campaigns/960/quests/3586 9277 424
POST /api/players/361/campaigns/960/quests/3586 10081 587
POST /api/players/361/campaigns/960/quests/3586 8624 403
POST /api/players/361/campaigns/960/quests/3586 11702 419
GET /api/players/361/chapters 106164 798
GET /api/assets/player/361/campaign/960 65466 1207
GET /api/gifts/received 2635 188
GET /api/players/361/depot 4176 163
GET /api/players/361/chapters 106164 729
GET /api/assets/campaign/965 51192 570
POST /api/players/361/campaigns/965 45345 1006
GET /api/players/361/chapters 106164 578
GET /api/players/361/chapters 106164 724
GET /api/assets/campaign/960 51194 497
POST /api/players/361/campaigns/960 33367 918
POST /api/players/361/campaigns/960/quests/3587 13749 374
POST /api/players/361/campaigns/960/quests/3587 14839 412
POST /api/players/361/campaigns/960/quests/3587 13379 579
POST /api/players/361/campaigns/960/quests/3587 13623 456
POST /api/players/361/campaigns/960/quests/3587 13014 400
POST /api/players/361/campaigns/960/quests/3587 11580 573
POST /api/players/361/campaigns/960/quests/3587 10315 416
POST /api/players/361/campaigns/960/quests/3587 11122 409
POST /api/players/361/campaigns/960/quests/3587 9660 392
POST /api/players/361/campaigns/960/quests/3587 15569 632
GET /api/players/361/chapters 106164 552
GET /api/assets/player/361/campaign/960 65466 1213
GET /api/gifts/received 2635 189
GET /api/players/361/depot 7107 165
GET /api/players/361/chapters 106164 717
GET /api/assets/player/361/collection 14282 623
POST /api/players/345/campaigns/820/quests/3014 13520 676
POST /api/potions/effect/stamina_refill/consume 2927 211
POST /api/players/345/campaigns/820/quests/3014 12056 494
POST /api/players/345/campaigns/820/quests/3014 10596 699
POST /api/players/345/campaigns/820/quests/3014 20867 540
POST /api/players/345/campaigns/820/quests/3014 20488 611
POST /api/players/345/campaigns/820/quests/3014 22416 507
POST /api/players/345/campaigns/820/quests/3014 20965 496
POST /api/players/345/campaigns/820/quests/3014 19549 665
POST /api/players/345/campaigns/820/quests/3014 18346 718
POST /api/players/345/campaigns/820/quests/3014 19906 506
POST /api/players/345/campaigns/820/quests/3014 18459 663
POST /api/players/345/campaigns/820/quests/3014 17014 500
POST /api/players/345/campaigns/820/quests/3014 17117 526
POST /api/players/345/campaigns/820/quests/3014 17363 505
POST /api/players/345/campaigns/820/quests/3014 15917 690
POST /api/potions/effect/stamina_refill/consume 2927 211
POST /api/players/345/campaigns/820/quests/3014 14451 507
POST /api/players/345/campaigns/820/quests/3014 14563 716
POST /api/players/345/campaigns/820/quests/3014 14836 515
POST /api/players/345/campaigns/820/quests/3014 13384 493
POST /api/players/345/campaigns/820/quests/3014 11920 674
POST /api/players/345/campaigns/820/quests/3014 19417 488
POST /api/players/345/campaigns/820/quests/3014 17687 634
POST /api/players/345/campaigns/820/quests/3014 19585 494
POST /api/players/345/campaigns/820/quests/3014 18130 484
POST /api/players/345/campaigns/820/quests/3014 16718 669
POST /api/players/345/campaigns/820/quests/3014 15437 643
POST /api/players/345/campaigns/820/quests/3014 17088 495
POST /api/players/345/campaigns/820/quests/3014 15618 653
POST /api/players/345/campaigns/820/quests/3014 14135 482
POST /api/potions/effect/stamina_refill/consume 2927 214
POST /api/players/345/campaigns/820/quests/3014 14269 487
POST /api/players/345/campaigns/820/quests/3014 14541 537
POST /api/players/345/campaigns/820/quests/3014 13080 493
POST /api/players/345/campaigns/820/quests/3014 11621 668
POST /api/players/345/campaigns/820/quests/3014 10349 493
POST /api/players/345/campaigns/820/quests/3014 11980 654
POST /api/players/345/campaigns/820/quests/3014 10525 484
POST /api/players/345/campaigns/820/quests/3014 9089 485
POST /api/players/345/campaigns/820/quests/3014 22245 644
POST /api/players/345/campaigns/820/quests/3014 21987 444
POST /api/players/345/campaigns/820/quests/3014 23937 501
POST /api/players/345/campaigns/820/quests/3014 22455 668
POST /api/players/345/campaigns/820/quests/3014 21009 489
POST /api/players/345/campaigns/820/quests/3014 21273 659
POST /api/players/345/campaigns/820/quests/3014 21425 494
POST /api/potions/effect/stamina_refill/consume 2927 212
POST /api/players/345/campaigns/820/quests/3014 19964 668
POST /api/players/345/campaigns/820/quests/3014 18524 489
POST /api/players/345/campaigns/820/quests/3014 18696 536
POST /api/players/345/campaigns/820/quests/3014 18898 670
POST /api/players/345/campaigns/820/quests/3014 17415 486
POST /api/players/345/campaigns/820/quests/3014 15977 484
POST /api/players/345/campaigns/820/quests/3014 16097 686
POST /api/players/345/campaigns/820/quests/3014 16372 490
POST /api/players/345/campaigns/820/quests/3014 14913 647
POST /api/players/345/campaigns/820/quests/3014 13441 484
POST /api/players/345/campaigns/820/quests/3014 21120 577
POST /api/players/345/campaigns/820/quests/3014 19381 660
GET /api/players/345 2633 231
GET /api/players/345/collection 77002 210
GET /api/potions 2633 196
GET /api/players/345/chapters 113761 832
GET /api/assets/player/345/campaign/820 63756 1217
GET /api/assets/campaign/820 52344 686
POST /api/players/345/campaigns/820 95597 1521
GET /api/players/345/chapters 107198 630
POST /api/login/facebook 796 885
GET /api/players/347/all 74627 272
GET /api/players/347/collection 75469 505
GET /api/assets/campaign/782 51119 792
GET /api/potions 2607 295
GET /api/players/347/chapters 105741 727
GET /api/assets/player/347/campaign/829 59756 1143
POST /api/players/345/campaigns/782 28882 1079
POST /api/players/345/campaigns/782/quests/2857 7553 442
POST /api/players/345/campaigns/782/quests/2857 7831 468
POST /api/players/345/campaigns/782/quests/2857 6552 678
POST /api/players/345/campaigns/782/quests/2857 6548 476
POST /api/players/345/campaigns/782/quests/2857 7847 468
POST /api/players/345/campaigns/782/quests/2857 7525 622
POST /api/players/345/campaigns/782/quests/2857 7800 480
POST /api/players/345/campaigns/782/quests/2857 6558 486
POST /api/players/345/campaigns/782/quests/2857 6554 676
POST /api/players/345/campaigns/782/quests/2857 9190 498
POST /api/players/345/campaigns/782/quests/2857 8895 592
GET /api/players/10 2620 427
GET /api/players/10/collection 76587 291
GET /api/potions 2620 298
GET /api/players/10/chapters 112651 734
POST /api/players/345/campaigns/782/quests/2857 9185 688
POST /api/players/345/campaigns/782/quests/2857 7921 520
GET /api/assets/player/10/campaign/32 70386 1618
POST /api/players/345/campaigns/782/quests/2857 7902 474
POST /api/potions/effect/stamina_refill/consume 2927 293
POST /api/players/345/campaigns/782/quests/2857 10559 681
POST /api/players/345/campaigns/782/quests/2857 8899 435
POST /api/players/345/campaigns/782/quests/2857 9191 485
POST /api/players/345/campaigns/782/quests/2857 7915 654
POST /api/players/345/campaigns/782/quests/2857 7908 478
POST /api/players/345/campaigns/782/quests/2857 10647 659
POST /api/players/345/campaigns/782/quests/2857 8982 433
POST /api/players/345/campaigns/782/quests/2857 9255 485
POST /api/players/345/campaigns/782/quests/2857 9448 671
POST /api/players/345/campaigns/782/quests/2857 7972 484
POST /api/players/345/campaigns/782/quests/2857 10610 478
POST /api/players/345/campaigns/782/quests/2857 10337 604
POST /api/players/345/campaigns/782/quests/2857 10602 483
POST /api/players/345/campaigns/782/quests/2857 10787 501
POST /api/players/345/campaigns/782/quests/2857 9326 657
POST /api/players/345/campaigns/782/quests/2857 12001 503
POST /api/players/345/campaigns/782/quests/2857 10349 591
POST /api/players/345/campaigns/782/quests/2857 10607 482
POST /api/players/345/campaigns/782/quests/2857 10737 510
POST /api/players/345/campaigns/782/quests/2857 9332 662
POST /api/players/345/campaigns/782/quests/2857 11998 511
POST /api/players/345/campaigns/782/quests/2857 10255 428
POST /api/players/345/campaigns/782/quests/2857 10548 483
POST /api/players/345/campaigns/782/quests/2857 10653 675
POST /api/players/345/campaigns/782/quests/2857 9260 496
POST /api/players/345/campaigns/782/quests/2857 10551 508
POST /api/players/345/campaigns/782/quests/2857 8899 608
POST /api/players/345/campaigns/782/quests/2857 9200 482
POST /api/players/345/campaigns/782/quests/2857 7923 653
POST /api/players/345/campaigns/782/quests/2857 7915 485
POST /api/players/345/campaigns/782/quests/2857 9226 515
POST /api/players/345/campaigns/782/quests/2857 7538 626
POST /api/players/345/campaigns/782/quests/2857 7843 483
POST /api/players/345/campaigns/782/quests/2857 6555 689
POST /api/players/345/campaigns/782/quests/2857 6555 479
POST /api/players/345/campaigns/782/quests/2857 9262 669
POST /api/players/345/campaigns/782/quests/2857 8972 450
GET /api/assets/campaign/32 51202 467
POST /api/players/10/campaigns/32 48974 1114
POST /api/players/345/campaigns/782/quests/2857 9264 495
POST /api/players/345/campaigns/782/quests/2857 9440 676
POST /api/players/10/campaigns/32/quests/103 14518 514
POST /api/players/345/campaigns/782/quests/2857 7970 476
POST /api/players/345/campaigns/782/quests/2857 7849 652
POST /api/players/345/campaigns/782/quests/2857 7531 444
POST /api/players/10/campaigns/32/quests/103 14577 676
POST /api/players/345/campaigns/782/quests/2857 7828 491
POST /api/players/345/campaigns/782/quests/2857 6562 496
POST /api/players/345/campaigns/782/quests/2857 6551 669
POST /api/players/345/campaigns/782/quests/2857 10562 486
POST /api/players/345/campaigns/782/quests/2857 10243 437
POST /api/players/10/campaigns/32/quests/103 16490 739
POST /api/players/10/campaigns/32/quests/103 15051 549
POST /api/players/10/campaigns/32/quests/103 13574 736
POST /api/players/345/campaigns/782/quests/2857 10555 516
POST /api/players/10/campaigns/32/quests/103 12312 583
POST /api/players/345/campaigns/782/quests/2857 10650 690
POST /api/players/345/campaigns/782/quests/2857 9266 502
POST /api/players/345/campaigns/782/quests/2857 9206 547
POST /api/players/10/campaigns/32/quests/103 13947 823
POST /api/players/10/campaigns/32/quests/103 12484 747
POST /api/players/10/campaigns/32/quests/103 11028 709
POST /api/players/10/campaigns/32/quests/103 9839 583
POST /api/players/345/campaigns/782/quests/2857 7538 621
POST /api/players/345/campaigns/782/quests/2857 7823 487
POST /api/players/345/campaigns/782/quests/2857 6564 493
POST /api/players/345/campaigns/782/quests/2857 6548 666
POST /api/players/345/campaigns/782/quests/2857 9260 489
POST /api/players/345/campaigns/782/quests/2858 10265 438
POST /api/players/345/campaigns/782/quests/2858 10551 659
POST /api/players/345/campaigns/782/quests/2858 10696 513
POST /api/players/345/campaigns/782/quests/2858 9291 491
POST /api/players/345/campaigns/782/quests/2858 10598 684
POST /api/players/345/campaigns/782/quests/2859 8916 445
POST /api/players/345/campaigns/782/quests/2859 9201 656
POST /api/players/345/campaigns/782/quests/2859 9312 527
POST /api/players/345/campaigns/782/quests/2859 7920 482
POST /api/potions/effect/stamina_refill/consume 2927 478
POST /api/players/345/campaigns/782/quests/2859 7850 492
GET /api/players/345/chapters 107196 712
GET /api/assets/campaign/789 51732 687
POST /api/players/345/campaigns/789 120620 2532
GET /api/players/10 2625 441
GET /api/players/10/collection 76592 307
GET /api/potions 2625 498
GET /api/players/10/chapters 112656 759
GET /api/assets/player/10/campaign/32 70386 1354
POST /api/players/345/campaigns/789/quests/2877 22278 622
POST /api/players/345/campaigns/789/quests/2877 24215 862
POST /api/players/345/campaigns/789/quests/2877 22749 641
POST /api/players/345/campaigns/789/quests/2877 21287 826
POST /api/players/345/campaigns/789/quests/2877 19771 655
POST /api/players/345/campaigns/789/quests/2877 21664 642
POST /api/players/345/campaigns/789/quests/2877 20225 843
POST /api/players/345/campaigns/789/quests/2877 18768 657
POST /api/players/345/campaigns/789/quests/2877 17224 863
POST /api/players/345/campaigns/789/quests/2877 19142 646
GET /api/players/345 2633 548
GET /api/players/345/collection 77002 292
GET /api/potions 2633 287
GET /api/players/345/chapters 113761 1017
GET /api/assets/player/345/campaign/820 63756 1213
GET /api/gifts/received 2798 364
GET /api/players/345/depot 100659 300
GET /api/players/345/chapters 107197 906
GET /api/assets/campaign/789 51732 523
POST /api/players/345/campaigns/789 117037 2365
POST /api/players/345/campaigns/789/quests/2877 19138 869
POST /api/players/345/campaigns/789/quests/2877 17692 656
POST /api/players/345/campaigns/789/quests/2877 16228 831
POST /api/players/345/campaigns/789/quests/2877 16353 529
GET /api/players/345/chapters 107197 715
GET /api/assets/campaign/789 51732 704
POST /api/players/345/campaigns/789 113153 2152
POST /api/players/345/campaigns/789/quests/2877 16063 733
POST /api/players/345/campaigns/789/quests/2877 17966 597
POST /api/players/345/campaigns/789/quests/2877 16536 560
POST /api/players/345/campaigns/789/quests/2877 15092 694
POST /api/players/345/campaigns/789/quests/2877 15199 529
POST /api/players/345/campaigns/789/quests/2877 15403 525
POST /api/players/345/campaigns/789/quests/2877 13953 712
POST /api/players/345/campaigns/789/quests/2877 12509 525
POST /api/players/345/campaigns/789/quests/2877 11237 537
POST /api/players/345/campaigns/789/quests/2877 12870 709
POST /api/players/345/campaigns/789/quests/2877 11392 516
POST /api/players/345/campaigns/789/quests/2877 9947 689
POST /api/players/345/campaigns/789/quests/2877 17775 734
POST /api/players/345/campaigns/789/quests/2877 16083 493
POST /api/players/345/campaigns/789/quests/2877 18022 523
GET /api/assets/campaign/32 51202 598
POST /api/players/345/campaigns/789/quests/2877 16535 728
POST /api/players/345/campaigns/789/quests/2877 15113 580
POST /api/players/10/campaigns/32 43146 1149
POST /api/players/345/campaigns/789/quests/2877 15257 727
POST /api/players/345/campaigns/789/quests/2877 15481 530
POST /api/players/345/campaigns/789/quests/2877 14033 526
POST /api/players/345/campaigns/789/quests/2877 12570 517
POST /api/players/345/campaigns/789/quests/2877 12727 765
POST /api/players/345/campaigns/789/quests/2877 12931 534
POST /api/players/345/campaigns/789/quests/2877 11491 692
POST /api/players/345/campaigns/789/quests/2877 10024 528
POST /api/players/345/campaigns/789/quests/2877 14996 523
GET /api/players/345 2634 577
GET /api/players/345/collection 77003 299
GET /api/potions 2634 288
GET /api/players/345/chapters 113762 897
GET /api/assets/player/345/campaign/820 63756 1227
GET /api/players/345/chapters 107177 751
GET /api/assets/campaign/820 52344 817
POST /api/players/345/campaigns/820 95662 1615
POST /api/players/345/campaigns/820/quests/3013 10570 543
POST /api/players/345/campaigns/820/quests/3013 19473 755
POST /api/players/345/campaigns/820/quests/3013 19181 537
POST /api/players/345/campaigns/820/quests/3013 21105 737
POST /api/players/345/campaigns/820/quests/3013 19640 570
POST /api/players/345/campaigns/820/quests/3013 18157 749
POST /api/players/345/campaigns/820/quests/3013 16915 580
POST /api/players/345/campaigns/820/quests/3013 18559 579
POST /api/players/345/campaigns/820/quests/3013 17123 560
POST /api/players/345/campaigns/820/quests/3013 15627 749
POST /api/players/345/campaigns/820/quests/3013 15839 607
POST /api/players/345/campaigns/820/quests/3013 15991 740
POST /api/players/345/campaigns/820/quests/3013 14550 576
POST /api/players/345/campaigns/820/quests/3013 13146 732
POST /api/players/345/campaigns/820/quests/3013 13262 764
POST /api/players/345/campaigns/820/quests/3013 13496 578
POST /api/players/345/campaigns/820/quests/3013 12028 578
POST /api/players/345/campaigns/820/quests/3013 10569 748
POST /api/players/345/campaigns/820/quests/3013 20941 568
POST /api/players/345/campaigns/820/quests/3013 20592 709
POST /api/players/345/campaigns/820/quests/3013 22562 576
POST /api/potions/effect/stamina_refill/consume 2926 301
POST /api/players/345/campaigns/820/quests/3013 21078 784
POST /api/players/345/campaigns/820/quests/3013 19636 569
GET /login/ 1903 3
POST /api/login/standard 23727 127
GET /api/players/10 2620 456
GET /api/campaign_chapters 155 141
GET /api/players/10/collection 76587 319
GET /api/potions 2620 318
GET /api/players/10/chapters 112651 971
GET /api/assets/player/10/campaign/32 70386 1476
GET /api/campaign_chapters 155 137
POST /api/players/345/campaigns/820/quests/3013 19922 600
GET /api/assets/campaign/32 51202 964
POST /api/players/10/campaigns/32 43124 1111
POST /api/players/345/campaigns/820/quests/3013 20091 751
POST /api/players/345/campaigns/820/quests/3013 18626 578
POST /api/players/345/campaigns/820/quests/3013 17174 571
POST /api/players/345/campaigns/820/quests/3013 17340 804
GET /api/players/10 2620 458
GET /api/players/10/collection 76587 311
GET /api/potions 2620 474
GET /api/players/10/chapters 112651 756
GET /api/assets/player/10/campaign/32 70386 1344
GET /api/assets/campaign/32 51202 450
POST /api/players/10/campaigns/32 43204 1144
POST /api/players/345/campaigns/820/quests/3013 17574 577
POST /api/players/345/campaigns/820/quests/3013 16090 770
GET /api/players/10 2620 495
GET /api/players/10/collection 76587 335
POST /api/players/345/campaigns/820/quests/3013 14630 779
GET /api/potions 2620 310
GET /api/players/10/chapters 112651 769
POST /api/players/345/campaigns/820/quests/3013 13381 794
GET /api/assets/player/10/campaign/32 70386 1435
POST /api/players/345/campaigns/820/quests/3013 15005 576
POST /api/players/345/campaigns/820/quests/3013 13582 738
POST /api/players/345/campaigns/820/quests/3013 12092 571
POST /api/potions/effect/stamina_refill/consume 2927 304
POST /api/players/345/campaigns/820/quests/3013 19663 777
POST /api/players/345/campaigns/820/quests/3013 17961 553
POST /api/players/345/campaigns/820/quests/3013 19930 800
POST /api/players/345/campaigns/820/quests/3013 18446 616
POST /api/players/345/campaigns/820/quests/3013 16976 577
POST /api/players/345/campaigns/820/quests/3013 15726 788
POST /api/players/345/campaigns/820/quests/3013 17362 586
POST /api/players/345/campaigns/820/quests/3013 15902 752
POST /api/players/345/campaigns/820/quests/3013 14458 575
POST /api/players/345/campaigns/820/quests/3013 13247 793
POST /api/players/345/campaigns/820/quests/3013 14855 756
POST /api/players/345/campaigns/820/quests/3013 13372 579
POST /api/players/345/campaigns/820/quests/3013 11916 749
POST /api/players/345/campaigns/820/quests/3013 10652 610
POST /api/players/345/campaigns/820/quests/3013 12276 578
POST /api/potions/effect/stamina_refill/consume 2927 495
POST /api/players/345/campaigns/820/quests/3013 10827 577
POST /api/players/345/campaigns/820/quests/3013 9381 750
POST /api/players/345/campaigns/820/quests/3013 20942 604
POST /api/players/345/campaigns/820/quests/3013 19237 541
GET /api/assets/campaign/32 51202 638
POST /api/players/10/campaigns/32 43154 1091
GET /api/players/345 2633 399
GET /api/players/345/collection 77002 296
GET /api/potions 2633 286
GET /api/players/345/chapters 113761 783
GET /api/assets/player/345/campaign/820 63756 1239
GET /api/assets/campaign/820 52344 815
POST /api/players/345/campaigns/820 105612 1606
POST /api/players/345/campaigns/820/quests/3013 19271 723
GET /api/players/10 2620 471
GET /api/players/10/collection 76587 316
GET /api/potions 2620 339
GET /api/players/10/chapters 112651 917
GET /api/assets/player/10/campaign/32 70386 1344
POST /api/players/345/campaigns/820/quests/3013 21210 746
POST /api/players/345/campaigns/820/quests/3013 19736 564
POST /api/players/345/campaigns/820/quests/3013 18277 745
POST /api/players/345/campaigns/820/quests/3013 18436 597
POST /api/players/345/campaigns/820/quests/3013 18634 578
POST /api/players/345/campaigns/820/quests/3013 17191 750
POST /api/players/345/campaigns/820/quests/3013 15727 580
POST /api/players/345/campaigns/820/quests/3013 14460 748
POST /api/players/345/campaigns/820/quests/3013 16097 574
POST /api/players/345/campaigns/820/quests/3013 14639 744
POST /api/players/345/campaigns/820/quests/3013 13185 574
POST /api/potions/effect/stamina_refill/consume 2927 319
GET /api/assets/campaign/32 51202 580
POST /api/players/345/campaigns/820/quests/3013 11928 613
POST /api/players/10/campaigns/32 43156 1148
POST /api/players/10/campaigns/32/quests/103 9490 715
POST /api/players/345/campaigns/820/quests/3013 13546 591
POST /api/players/345/campaigns/820/quests/3013 12116 586
POST /api/players/345/campaigns/820/quests/3013 10657 728
POST /api/players/345/campaigns/820/quests/3013 20961 755
POST /api/players/10/campaigns/32/quests/103 11427 572
POST /api/players/10/campaigns/32/quests/103 9962 724
POST /api/players/10/campaigns/32/quests/103 8512 562
POST /api/players/345/campaigns/820/quests/3014 19357 591
POST /api/players/10/campaigns/32/quests/103 17546 774
POST /api/players/10/campaigns/32/quests/103 15852 528
GET /api/players/345 2634 392
GET /api/players/345/collection 77003 298
GET /api/potions 2634 487
GET /api/players/345/chapters 113762 943
GET /api/assets/player/345/campaign/820 63756 1097
GET /api/assets/campaign/820 52344 707
POST /api/players/345/campaigns/820 105608 1639
POST /api/players/345/campaigns/820/quests/3014 19383 556
GET /api/players/345 2634 552
GET /api/players/345/collection 77003 298
GET /api/potions 2634 288
GET /api/players/345/chapters 113762 739
GET /api/assets/player/345/campaign/820 63756 1206
GET /api/assets/campaign/820 52344 526
POST /api/players/345/campaigns/820 105625 1589
POST /api/players/345/campaigns/820/quests/3013 19299 733
POST /api/players/345/campaigns/820/quests/3013 21185 572
POST /api/players/345/campaigns/820/quests/3013 19721 740
POST /api/players/345/campaigns/820/quests/3013 18274 577
POST /api/players/345/campaigns/820/quests/3013 18414 770
POST /api/players/345/campaigns/820/quests/3013 18667 584
POST /api/players/345/campaigns/820/quests/3013 17162 570
POST /api/players/345/campaigns/820/quests/3013 15749 763
POST /api/players/345/campaigns/820/quests/3013 14466 602
POST /api/players/345/campaigns/820/quests/3013 16082 743
POST /api/players/345/campaigns/820/quests/3013 14695 565
POST /api/potions/effect/stamina_refill/consume 2927 310
POST /api/players/345/campaigns/820/quests/3013 13184 741
POST /api/players/345/campaigns/820/quests/3013 11926 574
POST /api/players/345/campaigns/820/quests/3013 13580 747
POST /api/players/345/campaigns/820/quests/3013 12106 570
POST /api/players/345/campaigns/820/quests/3013 10653 744
POST /api/players/345/campaigns/820/quests/3013 20988 583
POST /api/players/345/campaigns/820/quests/3014 19392 555
GET /api/players/345 2634 581
GET /api/players/345/collection 77003 298
GET /api/potions 2634 289
GET /api/players/345/chapters 113762 959
GET /api/assets/player/345/campaign/820 63756 1213
GET /api/assets/campaign/820 52344 524
POST /api/players/345/campaigns/820 105682 1622
POST /api/players/345/campaigns/820/quests/3014 19392 739
GET /api/players/345/campaigns/820/quests/3014 19323 570
